{
  "stats": {
    "suites": 1,
    "tests": 3,
    "passes": 3,
    "pending": 0,
    "failures": 0,
    "start": "2020-08-28T21:53:41.008Z",
    "end": "2020-08-28T21:53:43.066Z",
    "duration": 2058,
    "testsRegistered": 3,
    "passPercent": 100,
    "pendingPercent": 0,
    "other": 0,
    "hasOther": false,
    "skipped": 0,
    "hasSkipped": false
  },
  "results": [
    {
      "uuid": "5779cfe1-11be-40a0-bbda-25ff8f4bd41a",
      "title": "",
      "fullFile": "cypress/integration/backend-auth-assignment02.spec.js",
      "file": "cypress/integration/backend-auth-assignment02.spec.js",
      "beforeHooks": [],
      "afterHooks": [],
      "tests": [],
      "suites": [
        {
          "uuid": "66739b48-2090-4fea-9fd8-d5bf27b03376",
          "title": "testing auth",
          "fullFile": "",
          "file": "",
          "beforeHooks": [],
          "afterHooks": [],
          "tests": [
            {
              "title": "test case 1 - Create a new Random Bill (GET & POST)",
              "fullTitle": "testing auth test case 1 - Create a new Random Bill (GET & POST)",
              "timedOut": null,
              "duration": 677,
              "state": "passed",
              "speed": "slow",
              "pass": true,
              "fail": false,
              "pending": false,
              "context": null,
              "code": "billHelpers.createBillRequest(cy);",
              "err": {},
              "uuid": "b305ef34-b2bf-492f-808f-74b0461209ab",
              "parentUUID": "66739b48-2090-4fea-9fd8-d5bf27b03376",
              "isHook": false,
              "skipped": false
            },
            {
              "title": "test case 2 - Create & Get all bills (GET & POST)",
              "fullTitle": "testing auth test case 2 - Create & Get all bills (GET & POST)",
              "timedOut": null,
              "duration": 737,
              "state": "passed",
              "speed": "slow",
              "pass": true,
              "fail": false,
              "pending": false,
              "context": null,
              "code": "billHelpers.createBillRequest(cy);",
              "err": {},
              "uuid": "8d7f5630-e19f-4e4e-9060-8083a53a8b8e",
              "parentUUID": "66739b48-2090-4fea-9fd8-d5bf27b03376",
              "isHook": false,
              "skipped": false
            },
            {
              "title": "test case 3 - Creatre a Bill & delete it (GET, POST & DELETE)",
              "fullTitle": "testing auth test case 3 - Creatre a Bill & delete it (GET, POST & DELETE)",
              "timedOut": null,
              "duration": 603,
              "state": "passed",
              "speed": "slow",
              "pass": true,
              "fail": false,
              "pending": false,
              "context": null,
              "code": "billHelpers.createBillRequestAndDelete(cy);",
              "err": {},
              "uuid": "c30964b9-9427-46b2-a2a3-ebbc25b78def",
              "parentUUID": "66739b48-2090-4fea-9fd8-d5bf27b03376",
              "isHook": false,
              "skipped": false
            }
          ],
          "suites": [],
          "passes": [
            "b305ef34-b2bf-492f-808f-74b0461209ab",
            "8d7f5630-e19f-4e4e-9060-8083a53a8b8e",
            "c30964b9-9427-46b2-a2a3-ebbc25b78def"
          ],
          "failures": [],
          "pending": [],
          "skipped": [],
          "duration": 2017,
          "root": false,
          "rootEmpty": false,
          "_timeout": 2000
        }
      ],
      "passes": [],
      "failures": [],
      "pending": [],
      "skipped": [],
      "duration": 0,
      "root": true,
      "rootEmpty": true,
      "_timeout": 2000
    }
  ],
  "meta": {
    "mocha": {
      "version": "7.0.1"
    },
    "mochawesome": {
      "options": {
        "quiet": false,
        "reportFilename": "mochawesome",
        "saveHtml": true,
        "saveJson": true,
        "consoleReporter": "spec",
        "useInlineDiffs": false,
        "code": true
      },
      "version": "6.1.1"
    },
    "marge": {
      "options": {},
      "version": "5.1.0"
    }
  }
}